<?xml version="1.0" encoding="UTF-8" ?>
<testsuite tests="4" failures="0" name="TehtavienhallintaTest" time="0.001" errors="0" skipped="0">
  <properties>
[...]
</properties>
  <testcase classname="TehtavienhallintaTest" name="exerciseCanBeMarkedAsCompleted" time="0"/>
  <testcase classname="TehtavienhallintaTest" name="exerciseListEmptyAtBeginning" time="0.001"/>
  <testcase classname="TehtavienhallintaTest" name="addingExerciseGrowsListByOne" time="0"/>
  <testcase classname="TehtavienhallintaTest" name="addedExerciseIsInList" time="0"/>
</testsuite>